<?xml version="1.0" encoding="UTF-8"?>
<!-- Generated by org.testng.reporters.JUnitReportReporter -->
<testsuite skipped="0" hostname="qainfotech-OptiPlex-755" name="NewTest" tests="1" failures="0" timestamp="29 Jun 2018 12:02:16 GMT" time="20.827" errors="0">
  <testcase name="f" time="20.827" classname="NewTest"/>
</testsuite> <!-- NewTest -->
